2025-05-11 23:47:06,759 - INFO - Logger configurado. Archivo: logs\scatter_search_20250511_234706.log
2025-05-11 23:47:06,764 - INFO - Iniciando Scatter Search con N=100, m1=5, m2=5, max_iter=5
2025-05-11 23:47:06,766 - INFO - Datos cargados desde .\results\cluster_results\representative_files\test_system_9.json
2025-05-11 23:47:06,766 - INFO - Generando población inicial...
2025-05-11 23:47:06,766 - DEBUG - Población 1/100: Usando heurística constructiva
2025-05-12 00:05:00,570 - INFO - Población inicial 1/100: Costo = 1247161.79
2025-05-12 00:05:00,570 - DEBUG - Población 2/100: Usando heurística por precio
2025-05-12 00:39:16,708 - INFO - Población inicial 2/100: Costo = 1676513.51
2025-05-12 00:39:16,709 - DEBUG - Población 3/100: Usando heurística por ventana de tiempo
2025-05-12 00:41:16,962 - INFO - Población inicial 3/100: Costo = 994317.63
2025-05-12 00:41:16,963 - DEBUG - Población 4/100: Usando solución aleatoria
2025-05-12 00:41:16,963 - INFO - Generando solución completamente aleatoria...
2025-05-12 00:41:16,983 - INFO - Solución aleatoria generada con 5389 asignaciones
2025-05-12 00:41:16,984 - INFO - Población inicial 4/100: Costo = 1587085.31
2025-05-12 00:41:16,985 - DEBUG - Población 5/100: Usando heurística constructiva
2025-05-12 00:57:32,751 - INFO - Población inicial 5/100: Costo = 1345455.11
2025-05-12 00:57:32,751 - DEBUG - Población 6/100: Usando heurística por precio
2025-05-12 01:31:38,678 - INFO - Población inicial 6/100: Costo = 1677744.92
2025-05-12 01:31:38,678 - DEBUG - Población 7/100: Usando heurística por ventana de tiempo
2025-05-12 01:34:06,085 - INFO - Población inicial 7/100: Costo = 1017581.49
2025-05-12 01:34:06,085 - DEBUG - Población 8/100: Usando solución aleatoria
2025-05-12 01:34:06,085 - INFO - Generando solución completamente aleatoria...
2025-05-12 01:34:06,106 - INFO - Solución aleatoria generada con 5389 asignaciones
2025-05-12 01:34:06,107 - INFO - Población inicial 8/100: Costo = 1441850.36
2025-05-12 01:34:06,107 - DEBUG - Población 9/100: Usando heurística constructiva
2025-05-12 01:51:21,996 - INFO - Población inicial 9/100: Costo = 1233653.57
2025-05-12 01:51:21,996 - DEBUG - Población 10/100: Usando heurística por precio
2025-05-12 02:25:58,398 - INFO - Población inicial 10/100: Costo = 1680777.37
2025-05-12 02:25:58,398 - DEBUG - Población 11/100: Usando heurística por ventana de tiempo
2025-05-12 02:27:44,888 - INFO - Población inicial 11/100: Costo = 1038941.23
2025-05-12 02:27:44,889 - DEBUG - Población 12/100: Usando solución aleatoria
2025-05-12 02:27:44,889 - INFO - Generando solución completamente aleatoria...
2025-05-12 02:27:44,908 - INFO - Solución aleatoria generada con 5389 asignaciones
2025-05-12 02:27:44,910 - INFO - Población inicial 12/100: Costo = 1524550.50
2025-05-12 02:27:44,910 - DEBUG - Población 13/100: Usando heurística constructiva
2025-05-12 02:44:08,774 - INFO - Población inicial 13/100: Costo = 1153494.51
2025-05-12 02:44:08,774 - DEBUG - Población 14/100: Usando heurística por precio
2025-05-12 03:19:04,340 - INFO - Población inicial 14/100: Costo = 1676579.02
2025-05-12 03:19:04,340 - DEBUG - Población 15/100: Usando heurística por ventana de tiempo
2025-05-12 03:21:29,871 - INFO - Población inicial 15/100: Costo = 1048174.95
2025-05-12 03:21:29,871 - DEBUG - Población 16/100: Usando solución aleatoria
2025-05-12 03:21:29,871 - INFO - Generando solución completamente aleatoria...
2025-05-12 03:21:29,890 - INFO - Solución aleatoria generada con 5389 asignaciones
2025-05-12 03:21:29,891 - INFO - Población inicial 16/100: Costo = 1602761.45
2025-05-12 03:21:29,891 - DEBUG - Población 17/100: Usando heurística constructiva
2025-05-12 03:40:38,456 - INFO - Población inicial 17/100: Costo = 1260269.09
2025-05-12 03:40:38,456 - DEBUG - Población 18/100: Usando heurística por precio
2025-05-12 04:14:27,240 - INFO - Población inicial 18/100: Costo = 1679842.82
2025-05-12 04:14:27,240 - DEBUG - Población 19/100: Usando heurística por ventana de tiempo
2025-05-12 04:16:38,672 - INFO - Población inicial 19/100: Costo = 1041279.21
2025-05-12 04:16:38,672 - DEBUG - Población 20/100: Usando solución aleatoria
2025-05-12 04:16:38,672 - INFO - Generando solución completamente aleatoria...
2025-05-12 04:16:38,693 - INFO - Solución aleatoria generada con 5389 asignaciones
2025-05-12 04:16:38,694 - INFO - Población inicial 20/100: Costo = 1687885.43
2025-05-12 04:16:38,694 - DEBUG - Población 21/100: Usando heurística constructiva
2025-05-12 04:34:27,786 - INFO - Población inicial 21/100: Costo = 1218867.53
2025-05-12 04:34:27,786 - DEBUG - Población 22/100: Usando heurística por precio
2025-05-12 05:07:14,075 - INFO - Población inicial 22/100: Costo = 1679512.27
2025-05-12 05:07:14,075 - DEBUG - Población 23/100: Usando heurística por ventana de tiempo
2025-05-12 05:09:18,223 - INFO - Población inicial 23/100: Costo = 1053635.93
2025-05-12 05:09:18,224 - DEBUG - Población 24/100: Usando solución aleatoria
2025-05-12 05:09:18,224 - INFO - Generando solución completamente aleatoria...
2025-05-12 05:09:18,244 - INFO - Solución aleatoria generada con 5389 asignaciones
2025-05-12 05:09:18,245 - INFO - Población inicial 24/100: Costo = 1642128.83
2025-05-12 05:09:18,245 - DEBUG - Población 25/100: Usando heurística constructiva
2025-05-12 05:26:08,579 - INFO - Población inicial 25/100: Costo = 1172132.91
2025-05-12 05:26:08,579 - DEBUG - Población 26/100: Usando heurística por precio
2025-05-12 05:59:58,069 - INFO - Población inicial 26/100: Costo = 1676927.64
2025-05-12 05:59:58,070 - DEBUG - Población 27/100: Usando heurística por ventana de tiempo
2025-05-12 06:02:14,378 - INFO - Población inicial 27/100: Costo = 980734.34
2025-05-12 06:02:14,380 - DEBUG - Población 28/100: Usando solución aleatoria
2025-05-12 06:02:14,380 - INFO - Generando solución completamente aleatoria...
2025-05-12 06:02:14,399 - INFO - Solución aleatoria generada con 5389 asignaciones
2025-05-12 06:02:14,401 - INFO - Población inicial 28/100: Costo = 1611229.71
2025-05-12 06:02:14,401 - DEBUG - Población 29/100: Usando heurística constructiva
2025-05-12 06:22:39,860 - INFO - Población inicial 29/100: Costo = 1260072.86
2025-05-12 06:22:39,860 - DEBUG - Población 30/100: Usando heurística por precio
2025-05-12 06:55:03,066 - INFO - Población inicial 30/100: Costo = 1677829.41
2025-05-12 06:55:03,066 - DEBUG - Población 31/100: Usando heurística por ventana de tiempo
2025-05-12 06:57:13,209 - INFO - Población inicial 31/100: Costo = 1059776.05
2025-05-12 06:57:13,209 - DEBUG - Población 32/100: Usando solución aleatoria
2025-05-12 06:57:13,209 - INFO - Generando solución completamente aleatoria...
2025-05-12 06:57:13,234 - INFO - Solución aleatoria generada con 5389 asignaciones
2025-05-12 06:57:13,235 - INFO - Población inicial 32/100: Costo = 1613639.97
2025-05-12 06:57:13,235 - DEBUG - Población 33/100: Usando heurística constructiva
2025-05-12 07:14:07,617 - INFO - Población inicial 33/100: Costo = 1302476.72
2025-05-12 07:14:07,618 - DEBUG - Población 34/100: Usando heurística por precio
2025-05-12 07:51:03,724 - INFO - Población inicial 34/100: Costo = 1697106.78
2025-05-12 07:51:03,724 - DEBUG - Población 35/100: Usando heurística por ventana de tiempo
2025-05-12 07:53:17,874 - INFO - Población inicial 35/100: Costo = 1025691.41
2025-05-12 07:53:17,874 - DEBUG - Población 36/100: Usando solución aleatoria
2025-05-12 07:53:17,875 - INFO - Generando solución completamente aleatoria...
2025-05-12 07:53:17,893 - INFO - Solución aleatoria generada con 5389 asignaciones
2025-05-12 07:53:17,895 - INFO - Población inicial 36/100: Costo = 1587991.68
2025-05-12 07:53:17,895 - DEBUG - Población 37/100: Usando heurística constructiva
2025-05-12 08:09:04,793 - INFO - Población inicial 37/100: Costo = 1151613.52
2025-05-12 08:09:04,793 - DEBUG - Población 38/100: Usando heurística por precio
2025-05-12 08:42:24,111 - INFO - Población inicial 38/100: Costo = 1674461.79
2025-05-12 08:42:24,111 - DEBUG - Población 39/100: Usando heurística por ventana de tiempo
2025-05-12 08:44:21,095 - INFO - Población inicial 39/100: Costo = 1042288.64
2025-05-12 08:44:21,095 - DEBUG - Población 40/100: Usando solución aleatoria
2025-05-12 08:44:21,095 - INFO - Generando solución completamente aleatoria...
2025-05-12 08:44:21,116 - INFO - Solución aleatoria generada con 5389 asignaciones
2025-05-12 08:44:21,117 - INFO - Población inicial 40/100: Costo = 1599064.27
2025-05-12 08:44:21,117 - DEBUG - Población 41/100: Usando heurística constructiva
2025-05-12 09:00:53,963 - INFO - Población inicial 41/100: Costo = 1213209.81
2025-05-12 09:00:53,963 - DEBUG - Población 42/100: Usando heurística por precio
2025-05-12 09:33:13,952 - INFO - Población inicial 42/100: Costo = 1673471.05
2025-05-12 09:33:13,952 - DEBUG - Población 43/100: Usando heurística por ventana de tiempo
2025-05-12 09:35:28,400 - INFO - Población inicial 43/100: Costo = 1019978.80
2025-05-12 09:35:28,400 - DEBUG - Población 44/100: Usando solución aleatoria
2025-05-12 09:35:28,400 - INFO - Generando solución completamente aleatoria...
2025-05-12 09:35:28,420 - INFO - Solución aleatoria generada con 5389 asignaciones
2025-05-12 09:35:28,421 - INFO - Población inicial 44/100: Costo = 1642474.35
2025-05-12 09:35:28,421 - DEBUG - Población 45/100: Usando heurística constructiva
2025-05-12 09:51:04,325 - INFO - Población inicial 45/100: Costo = 1186950.63
2025-05-12 09:51:04,326 - DEBUG - Población 46/100: Usando heurística por precio
2025-05-12 10:23:37,356 - INFO - Población inicial 46/100: Costo = 1679209.32
2025-05-12 10:23:37,357 - DEBUG - Población 47/100: Usando heurística por ventana de tiempo
2025-05-12 10:25:35,511 - INFO - Población inicial 47/100: Costo = 1042316.97
2025-05-12 10:25:35,511 - DEBUG - Población 48/100: Usando solución aleatoria
2025-05-12 10:25:35,511 - INFO - Generando solución completamente aleatoria...
2025-05-12 10:25:35,530 - INFO - Solución aleatoria generada con 5389 asignaciones
2025-05-12 10:25:35,531 - INFO - Población inicial 48/100: Costo = 1600773.55
2025-05-12 10:25:35,531 - DEBUG - Población 49/100: Usando heurística constructiva
2025-05-12 10:44:58,031 - INFO - Población inicial 49/100: Costo = 1274684.18
2025-05-12 10:44:58,032 - DEBUG - Población 50/100: Usando heurística por precio
2025-05-12 11:15:28,962 - INFO - Población inicial 50/100: Costo = 1677459.63
2025-05-12 11:15:28,962 - DEBUG - Población 51/100: Usando heurística por ventana de tiempo
2025-05-12 11:17:40,310 - INFO - Población inicial 51/100: Costo = 1010052.71
2025-05-12 11:17:40,310 - DEBUG - Población 52/100: Usando solución aleatoria
2025-05-12 11:17:40,310 - INFO - Generando solución completamente aleatoria...
2025-05-12 11:17:40,329 - INFO - Solución aleatoria generada con 5389 asignaciones
2025-05-12 11:17:40,331 - INFO - Población inicial 52/100: Costo = 1730538.78
2025-05-12 11:17:40,331 - DEBUG - Población 53/100: Usando heurística constructiva
2025-05-12 11:32:50,436 - INFO - Población inicial 53/100: Costo = 1174533.06
2025-05-12 11:32:50,436 - DEBUG - Población 54/100: Usando heurística por precio
2025-05-12 12:06:13,698 - INFO - Población inicial 54/100: Costo = 1679183.43
2025-05-12 12:06:13,698 - DEBUG - Población 55/100: Usando heurística por ventana de tiempo
2025-05-12 12:08:38,259 - INFO - Población inicial 55/100: Costo = 1020022.29
2025-05-12 12:08:38,260 - DEBUG - Población 56/100: Usando solución aleatoria
2025-05-12 12:08:38,260 - INFO - Generando solución completamente aleatoria...
2025-05-12 12:08:38,278 - INFO - Solución aleatoria generada con 5389 asignaciones
2025-05-12 12:08:38,279 - INFO - Población inicial 56/100: Costo = 1602493.84
2025-05-12 12:08:38,279 - DEBUG - Población 57/100: Usando heurística constructiva
2025-05-12 12:28:36,695 - INFO - Población inicial 57/100: Costo = 1247206.81
2025-05-12 12:28:36,695 - DEBUG - Población 58/100: Usando heurística por precio
2025-05-12 13:00:52,209 - INFO - Población inicial 58/100: Costo = 1672779.06
2025-05-12 13:00:52,209 - DEBUG - Población 59/100: Usando heurística por ventana de tiempo
2025-05-12 13:03:13,823 - INFO - Población inicial 59/100: Costo = 1004982.09
2025-05-12 13:03:13,823 - DEBUG - Población 60/100: Usando solución aleatoria
2025-05-12 13:03:13,823 - INFO - Generando solución completamente aleatoria...
2025-05-12 13:03:13,843 - INFO - Solución aleatoria generada con 5389 asignaciones
2025-05-12 13:03:13,844 - INFO - Población inicial 60/100: Costo = 1497798.61
2025-05-12 13:03:13,844 - DEBUG - Población 61/100: Usando heurística constructiva
2025-05-12 13:18:48,795 - INFO - Población inicial 61/100: Costo = 1181248.30
2025-05-12 13:18:48,796 - DEBUG - Población 62/100: Usando heurística por precio
2025-05-12 13:51:37,930 - INFO - Población inicial 62/100: Costo = 1680857.10
2025-05-12 13:51:37,930 - DEBUG - Población 63/100: Usando heurística por ventana de tiempo
2025-05-12 13:53:52,504 - INFO - Población inicial 63/100: Costo = 1027273.60
2025-05-12 13:53:52,504 - DEBUG - Población 64/100: Usando solución aleatoria
2025-05-12 13:53:52,504 - INFO - Generando solución completamente aleatoria...
2025-05-12 13:53:52,524 - INFO - Solución aleatoria generada con 5389 asignaciones
2025-05-12 13:53:52,525 - INFO - Población inicial 64/100: Costo = 1594388.37
2025-05-12 13:53:52,525 - DEBUG - Población 65/100: Usando heurística constructiva
2025-05-12 14:11:47,789 - INFO - Población inicial 65/100: Costo = 1187426.25
2025-05-12 14:11:47,789 - DEBUG - Población 66/100: Usando heurística por precio
2025-05-12 14:44:32,263 - INFO - Población inicial 66/100: Costo = 1674041.80
2025-05-12 14:44:32,264 - DEBUG - Población 67/100: Usando heurística por ventana de tiempo
2025-05-12 14:46:40,403 - INFO - Población inicial 67/100: Costo = 1027052.23
2025-05-12 14:46:40,403 - DEBUG - Población 68/100: Usando solución aleatoria
2025-05-12 14:46:40,403 - INFO - Generando solución completamente aleatoria...
2025-05-12 14:46:40,424 - INFO - Solución aleatoria generada con 5389 asignaciones
2025-05-12 14:46:40,425 - INFO - Población inicial 68/100: Costo = 1732778.70
2025-05-12 14:46:40,425 - DEBUG - Población 69/100: Usando heurística constructiva
2025-05-12 15:05:40,365 - INFO - Población inicial 69/100: Costo = 1237874.51
2025-05-12 15:05:40,365 - DEBUG - Población 70/100: Usando heurística por precio
2025-05-12 15:40:09,969 - INFO - Población inicial 70/100: Costo = 1676962.05
2025-05-12 15:40:09,969 - DEBUG - Población 71/100: Usando heurística por ventana de tiempo
2025-05-12 15:42:40,306 - INFO - Población inicial 71/100: Costo = 949549.41
2025-05-12 15:42:40,306 - DEBUG - Población 72/100: Usando solución aleatoria
2025-05-12 15:42:40,306 - INFO - Generando solución completamente aleatoria...
2025-05-12 15:42:40,332 - INFO - Solución aleatoria generada con 5389 asignaciones
2025-05-12 15:42:40,333 - INFO - Población inicial 72/100: Costo = 1631597.68
2025-05-12 15:42:40,334 - DEBUG - Población 73/100: Usando heurística constructiva
2025-05-12 15:58:20,653 - INFO - Población inicial 73/100: Costo = 1187829.30
2025-05-12 15:58:20,654 - DEBUG - Población 74/100: Usando heurística por precio
2025-05-12 16:30:57,769 - INFO - Población inicial 74/100: Costo = 1677019.31
2025-05-12 16:30:57,770 - DEBUG - Población 75/100: Usando heurística por ventana de tiempo
2025-05-12 16:32:59,286 - INFO - Población inicial 75/100: Costo = 1022451.27
2025-05-12 16:32:59,286 - DEBUG - Población 76/100: Usando solución aleatoria
2025-05-12 16:32:59,286 - INFO - Generando solución completamente aleatoria...
2025-05-12 16:32:59,306 - INFO - Solución aleatoria generada con 5389 asignaciones
2025-05-12 16:32:59,307 - INFO - Población inicial 76/100: Costo = 1572958.06
2025-05-12 16:32:59,307 - DEBUG - Población 77/100: Usando heurística constructiva
2025-05-12 16:49:59,267 - INFO - Población inicial 77/100: Costo = 1213440.10
2025-05-12 16:49:59,267 - DEBUG - Población 78/100: Usando heurística por precio
2025-05-12 17:25:56,799 - INFO - Población inicial 78/100: Costo = 1677445.22
2025-05-12 17:25:56,799 - DEBUG - Población 79/100: Usando heurística por ventana de tiempo
2025-05-12 17:28:44,951 - INFO - Población inicial 79/100: Costo = 988273.36
2025-05-12 17:28:44,951 - DEBUG - Población 80/100: Usando solución aleatoria
2025-05-12 17:28:44,951 - INFO - Generando solución completamente aleatoria...
2025-05-12 17:28:44,967 - INFO - Solución aleatoria generada con 5389 asignaciones
2025-05-12 17:28:44,967 - INFO - Población inicial 80/100: Costo = 1597655.81
2025-05-12 17:28:44,967 - DEBUG - Población 81/100: Usando heurística constructiva
2025-05-12 17:44:38,429 - INFO - Población inicial 81/100: Costo = 1206674.50
2025-05-12 17:44:38,429 - DEBUG - Población 82/100: Usando heurística por precio
2025-05-12 18:18:36,882 - INFO - Población inicial 82/100: Costo = 1677981.35
2025-05-12 18:18:36,882 - DEBUG - Población 83/100: Usando heurística por ventana de tiempo
2025-05-12 18:20:40,023 - INFO - Población inicial 83/100: Costo = 1030130.69
2025-05-12 18:20:40,023 - DEBUG - Población 84/100: Usando solución aleatoria
2025-05-12 18:20:40,023 - INFO - Generando solución completamente aleatoria...
2025-05-12 18:20:40,039 - INFO - Solución aleatoria generada con 5389 asignaciones
2025-05-12 18:20:40,039 - INFO - Población inicial 84/100: Costo = 1788786.02
2025-05-12 18:20:40,039 - DEBUG - Población 85/100: Usando heurística constructiva
2025-05-12 18:37:43,282 - INFO - Población inicial 85/100: Costo = 1182943.20
2025-05-12 18:37:43,282 - DEBUG - Población 86/100: Usando heurística por precio
2025-05-12 19:10:26,805 - INFO - Población inicial 86/100: Costo = 1681533.39
2025-05-12 19:10:26,805 - DEBUG - Población 87/100: Usando heurística por ventana de tiempo
2025-05-12 19:12:26,711 - INFO - Población inicial 87/100: Costo = 1041425.02
2025-05-12 19:12:26,711 - DEBUG - Población 88/100: Usando solución aleatoria
2025-05-12 19:12:26,711 - INFO - Generando solución completamente aleatoria...
2025-05-12 19:12:26,727 - INFO - Solución aleatoria generada con 5389 asignaciones
2025-05-12 19:12:26,727 - INFO - Población inicial 88/100: Costo = 1587913.59
2025-05-12 19:12:26,727 - DEBUG - Población 89/100: Usando heurística constructiva
2025-05-12 19:28:07,815 - INFO - Población inicial 89/100: Costo = 1208997.80
2025-05-12 19:28:07,815 - DEBUG - Población 90/100: Usando heurística por precio
2025-05-12 20:01:47,431 - INFO - Población inicial 90/100: Costo = 1679308.79
2025-05-12 20:01:47,431 - DEBUG - Población 91/100: Usando heurística por ventana de tiempo
2025-05-12 20:04:30,924 - INFO - Población inicial 91/100: Costo = 1008181.45
2025-05-12 20:04:30,927 - DEBUG - Población 92/100: Usando solución aleatoria
2025-05-12 20:04:30,927 - INFO - Generando solución completamente aleatoria...
2025-05-12 20:04:30,943 - INFO - Solución aleatoria generada con 5389 asignaciones
2025-05-12 20:04:30,943 - INFO - Población inicial 92/100: Costo = 1649061.12
2025-05-12 20:04:30,943 - DEBUG - Población 93/100: Usando heurística constructiva
2025-05-12 20:21:24,740 - INFO - Población inicial 93/100: Costo = 1172701.85
2025-05-12 20:21:24,740 - DEBUG - Población 94/100: Usando heurística por precio
2025-05-12 20:55:16,139 - INFO - Población inicial 94/100: Costo = 1678644.57
2025-05-12 20:55:16,139 - DEBUG - Población 95/100: Usando heurística por ventana de tiempo
2025-05-12 20:57:37,515 - INFO - Población inicial 95/100: Costo = 1012807.97
2025-05-12 20:57:37,515 - DEBUG - Población 96/100: Usando solución aleatoria
2025-05-12 20:57:37,515 - INFO - Generando solución completamente aleatoria...
2025-05-12 20:57:37,531 - INFO - Solución aleatoria generada con 5389 asignaciones
2025-05-12 20:57:37,546 - INFO - Población inicial 96/100: Costo = 1510600.09
2025-05-12 20:57:37,546 - DEBUG - Población 97/100: Usando heurística constructiva
2025-05-12 21:13:29,141 - INFO - Población inicial 97/100: Costo = 1122628.38
2025-05-12 21:13:29,141 - DEBUG - Población 98/100: Usando heurística por precio
2025-05-12 21:46:32,028 - INFO - Población inicial 98/100: Costo = 1679155.27
2025-05-12 21:46:32,028 - DEBUG - Población 99/100: Usando heurística por ventana de tiempo
2025-05-12 21:48:44,805 - INFO - Población inicial 99/100: Costo = 1015510.13
2025-05-12 21:48:44,805 - DEBUG - Población 100/100: Usando solución aleatoria
2025-05-12 21:48:44,805 - INFO - Generando solución completamente aleatoria...
2025-05-12 21:48:44,836 - INFO - Solución aleatoria generada con 5389 asignaciones
2025-05-12 21:48:44,836 - INFO - Población inicial 100/100: Costo = 1585251.78
2025-05-12 21:48:51,977 - INFO - Mejor solución inicial: Costo = 949549.41
2025-05-12 21:48:51,978 - INFO - Iniciando iteración 1/5
2025-05-12 21:57:03,363 - DEBUG - Nueva solución candidata generada: Costo = 764746.84
2025-05-12 22:05:39,653 - DEBUG - Nueva solución candidata generada: Costo = 764292.46
2025-05-12 22:13:41,602 - DEBUG - Nueva solución candidata generada: Costo = 839845.37
2025-05-12 22:22:21,397 - DEBUG - Nueva solución candidata generada: Costo = 844722.35
2025-05-12 22:31:30,615 - DEBUG - Nueva solución candidata generada: Costo = 1043192.70
2025-05-12 22:38:05,140 - DEBUG - Nueva solución candidata generada: Costo = 983284.71
2025-05-12 22:46:33,525 - DEBUG - Nueva solución candidata generada: Costo = 1021238.52
2025-05-12 22:54:00,683 - DEBUG - Nueva solución candidata generada: Costo = 1001328.99
2025-05-12 23:01:59,556 - DEBUG - Nueva solución candidata generada: Costo = 885558.73
2025-05-12 23:12:10,762 - DEBUG - Nueva solución candidata generada: Costo = 793835.78
2025-05-12 23:21:05,030 - DEBUG - Nueva solución candidata generada: Costo = 811486.03
2025-05-12 23:30:05,142 - DEBUG - Nueva solución candidata generada: Costo = 840630.82
2025-05-12 23:39:19,357 - DEBUG - Nueva solución candidata generada: Costo = 936197.35
2025-05-12 23:48:28,766 - DEBUG - Nueva solución candidata generada: Costo = 972288.88
2025-05-12 23:56:48,640 - DEBUG - Nueva solución candidata generada: Costo = 990501.82
2025-05-13 00:05:52,814 - DEBUG - Nueva solución candidata generada: Costo = 914681.62
2025-05-13 00:15:03,303 - DEBUG - Nueva solución candidata generada: Costo = 960898.29
2025-05-13 00:23:07,479 - DEBUG - Nueva solución candidata generada: Costo = 805355.10
2025-05-13 00:31:10,876 - DEBUG - Nueva solución candidata generada: Costo = 812960.39
2025-05-13 00:37:15,736 - DEBUG - Nueva solución candidata generada: Costo = 981331.81
2025-05-13 00:44:17,774 - DEBUG - Nueva solución candidata generada: Costo = 919420.12
2025-05-13 00:52:35,019 - DEBUG - Nueva solución candidata generada: Costo = 994892.99
2025-05-13 00:58:51,485 - DEBUG - Nueva solución candidata generada: Costo = 906170.09
2025-05-13 01:05:42,131 - DEBUG - Nueva solución candidata generada: Costo = 949963.16
2025-05-13 01:13:24,265 - DEBUG - Nueva solución candidata generada: Costo = 801494.62
2025-05-13 01:19:03,175 - DEBUG - Nueva solución candidata generada: Costo = 984546.64
2025-05-13 01:26:22,456 - DEBUG - Nueva solución candidata generada: Costo = 1047981.39
2025-05-13 01:32:55,867 - DEBUG - Nueva solución candidata generada: Costo = 926887.92
2025-05-13 01:40:24,864 - DEBUG - Nueva solución candidata generada: Costo = 975958.79
2025-05-13 01:46:27,038 - DEBUG - Nueva solución candidata generada: Costo = 959661.91
2025-05-13 01:52:44,557 - DEBUG - Nueva solución candidata generada: Costo = 999416.50
2025-05-13 02:00:04,938 - DEBUG - Nueva solución candidata generada: Costo = 964000.76
2025-05-13 02:08:25,608 - DEBUG - Nueva solución candidata generada: Costo = 1025773.51
2025-05-13 02:14:06,570 - DEBUG - Nueva solución candidata generada: Costo = 987736.27
2025-05-13 02:20:25,938 - DEBUG - Nueva solución candidata generada: Costo = 996676.35
2025-05-13 02:29:13,402 - DEBUG - Nueva solución candidata generada: Costo = 1056667.81
2025-05-13 02:36:47,930 - DEBUG - Nueva solución candidata generada: Costo = 1041701.67
2025-05-13 02:43:52,773 - DEBUG - Nueva solución candidata generada: Costo = 1040677.40
2025-05-13 02:51:48,882 - DEBUG - Nueva solución candidata generada: Costo = 1035302.80
2025-05-13 02:59:29,250 - DEBUG - Nueva solución candidata generada: Costo = 1024173.22
2025-05-13 03:04:52,873 - DEBUG - Nueva solución candidata generada: Costo = 1066122.82
2025-05-13 03:12:56,259 - DEBUG - Nueva solución candidata generada: Costo = 1010491.67
2025-05-13 03:21:24,037 - DEBUG - Nueva solución candidata generada: Costo = 989938.31
2025-05-13 03:29:22,050 - DEBUG - Nueva solución candidata generada: Costo = 1017734.90
2025-05-13 03:37:29,263 - DEBUG - Nueva solución candidata generada: Costo = 1031651.45
2025-05-13 03:37:33,680 - INFO - Nueva mejor solución encontrada: Costo = 764292.46
2025-05-13 03:37:33,680 - INFO - Iteración 1/5: Mejor costo = 764292.46
2025-05-13 03:37:33,680 - INFO - Iniciando iteración 2/5
2025-05-13 03:45:34,353 - DEBUG - Nueva solución candidata generada: Costo = 762375.44
2025-05-13 03:54:31,609 - DEBUG - Nueva solución candidata generada: Costo = 822823.07
2025-05-13 04:02:18,033 - DEBUG - Nueva solución candidata generada: Costo = 764031.88
2025-05-13 04:10:15,478 - DEBUG - Nueva solución candidata generada: Costo = 811945.33
2025-05-13 04:16:29,242 - DEBUG - Nueva solución candidata generada: Costo = 986319.16
2025-05-13 04:23:05,084 - DEBUG - Nueva solución candidata generada: Costo = 976840.23
2025-05-13 04:30:43,184 - DEBUG - Nueva solución candidata generada: Costo = 1004035.54
2025-05-13 04:38:05,028 - DEBUG - Nueva solución candidata generada: Costo = 945270.82
2025-05-13 04:46:24,094 - DEBUG - Nueva solución candidata generada: Costo = 955760.82
2025-05-13 04:55:23,783 - DEBUG - Nueva solución candidata generada: Costo = 812742.30
2025-05-13 05:03:00,256 - DEBUG - Nueva solución candidata generada: Costo = 806221.80
2025-05-13 05:11:03,034 - DEBUG - Nueva solución candidata generada: Costo = 818365.85
2025-05-13 05:17:16,235 - DEBUG - Nueva solución candidata generada: Costo = 977776.90
2025-05-13 05:24:23,269 - DEBUG - Nueva solución candidata generada: Costo = 961998.12
2025-05-13 05:31:28,322 - DEBUG - Nueva solución candidata generada: Costo = 1017856.91
2025-05-13 05:38:44,315 - DEBUG - Nueva solución candidata generada: Costo = 959580.12
2025-05-13 05:44:45,745 - DEBUG - Nueva solución candidata generada: Costo = 925065.63
2025-05-13 05:52:15,858 - DEBUG - Nueva solución candidata generada: Costo = 760935.64
2025-05-13 06:00:30,481 - DEBUG - Nueva solución candidata generada: Costo = 805844.01
2025-05-13 06:07:00,415 - DEBUG - Nueva solución candidata generada: Costo = 991294.37
2025-05-13 06:14:36,003 - DEBUG - Nueva solución candidata generada: Costo = 1025728.06
2025-05-13 06:22:07,698 - DEBUG - Nueva solución candidata generada: Costo = 977376.56
2025-05-13 06:28:04,817 - DEBUG - Nueva solución candidata generada: Costo = 969174.10
2025-05-13 06:35:30,905 - DEBUG - Nueva solución candidata generada: Costo = 913014.43
2025-05-13 06:43:26,529 - DEBUG - Nueva solución candidata generada: Costo = 849860.01
2025-05-13 06:49:15,052 - DEBUG - Nueva solución candidata generada: Costo = 1018729.35
2025-05-13 06:56:29,814 - DEBUG - Nueva solución candidata generada: Costo = 966193.17
2025-05-13 07:05:17,193 - DEBUG - Nueva solución candidata generada: Costo = 1063182.24
2025-05-13 07:13:57,354 - DEBUG - Nueva solución candidata generada: Costo = 926758.80
2025-05-13 07:22:15,889 - DEBUG - Nueva solución candidata generada: Costo = 998760.61
2025-05-13 07:30:05,676 - DEBUG - Nueva solución candidata generada: Costo = 1028091.82
2025-05-13 07:35:43,830 - DEBUG - Nueva solución candidata generada: Costo = 1009789.97
2025-05-13 07:41:39,000 - DEBUG - Nueva solución candidata generada: Costo = 1011066.42
2025-05-13 07:48:39,052 - DEBUG - Nueva solución candidata generada: Costo = 972117.29
2025-05-13 07:54:59,295 - DEBUG - Nueva solución candidata generada: Costo = 830989.33
2025-05-13 08:03:38,546 - DEBUG - Nueva solución candidata generada: Costo = 1030268.44
2025-05-13 08:09:00,066 - DEBUG - Nueva solución candidata generada: Costo = 1136065.55
2025-05-13 08:17:00,827 - DEBUG - Nueva solución candidata generada: Costo = 970986.48
2025-05-13 08:24:47,402 - DEBUG - Nueva solución candidata generada: Costo = 1033007.72
2025-05-13 08:32:16,488 - DEBUG - Nueva solución candidata generada: Costo = 1000451.36
2025-05-13 08:40:28,603 - DEBUG - Nueva solución candidata generada: Costo = 934595.88
2025-05-13 08:45:59,936 - DEBUG - Nueva solución candidata generada: Costo = 1018713.59
2025-05-13 08:53:21,338 - DEBUG - Nueva solución candidata generada: Costo = 988967.91
2025-05-13 08:58:36,585 - DEBUG - Nueva solución candidata generada: Costo = 1022695.52
2025-05-13 09:04:08,243 - DEBUG - Nueva solución candidata generada: Costo = 1098486.47
2025-05-13 09:04:12,587 - INFO - Nueva mejor solución encontrada: Costo = 760935.64
2025-05-13 09:04:12,587 - INFO - Iteración 2/5: Mejor costo = 760935.64
2025-05-13 09:04:12,587 - INFO - Iniciando iteración 3/5
2025-05-13 09:12:06,478 - DEBUG - Nueva solución candidata generada: Costo = 768273.42
2025-05-13 09:19:39,761 - DEBUG - Nueva solución candidata generada: Costo = 800567.75
2025-05-13 09:27:47,704 - DEBUG - Nueva solución candidata generada: Costo = 784648.95
2025-05-13 09:35:37,924 - DEBUG - Nueva solución candidata generada: Costo = 770043.44
2025-05-13 09:42:04,826 - DEBUG - Nueva solución candidata generada: Costo = 946472.29
2025-05-13 09:50:18,569 - DEBUG - Nueva solución candidata generada: Costo = 1084831.04
2025-05-13 09:55:38,129 - DEBUG - Nueva solución candidata generada: Costo = 1086151.44
2025-05-13 10:02:33,408 - DEBUG - Nueva solución candidata generada: Costo = 983508.49
2025-05-13 10:08:33,790 - DEBUG - Nueva solución candidata generada: Costo = 900436.27
2025-05-13 10:16:10,085 - DEBUG - Nueva solución candidata generada: Costo = 799828.36
2025-05-13 10:24:30,467 - DEBUG - Nueva solución candidata generada: Costo = 773216.42
2025-05-13 10:32:30,337 - DEBUG - Nueva solución candidata generada: Costo = 757516.20
2025-05-13 10:38:38,871 - DEBUG - Nueva solución candidata generada: Costo = 1018777.84
2025-05-13 10:46:29,456 - DEBUG - Nueva solución candidata generada: Costo = 1007542.24
2025-05-13 10:53:30,553 - DEBUG - Nueva solución candidata generada: Costo = 977270.62
2025-05-13 11:00:52,669 - DEBUG - Nueva solución candidata generada: Costo = 1063208.56
2025-05-13 11:08:47,420 - DEBUG - Nueva solución candidata generada: Costo = 985891.53
2025-05-13 11:17:09,228 - DEBUG - Nueva solución candidata generada: Costo = 789657.75
2025-05-13 11:25:07,980 - DEBUG - Nueva solución candidata generada: Costo = 797317.48
2025-05-13 11:32:06,017 - DEBUG - Nueva solución candidata generada: Costo = 983491.65
2025-05-13 11:38:39,013 - DEBUG - Nueva solución candidata generada: Costo = 996486.66
2025-05-13 11:44:17,478 - DEBUG - Nueva solución candidata generada: Costo = 1064815.47
2025-05-13 11:51:12,577 - DEBUG - Nueva solución candidata generada: Costo = 1006623.30
2025-05-13 11:59:26,337 - DEBUG - Nueva solución candidata generada: Costo = 973430.04
2025-05-13 12:07:13,714 - DEBUG - Nueva solución candidata generada: Costo = 754127.75
2025-05-13 12:13:10,409 - DEBUG - Nueva solución candidata generada: Costo = 981544.02
2025-05-13 12:20:14,196 - DEBUG - Nueva solución candidata generada: Costo = 1044236.67
2025-05-13 12:28:29,516 - DEBUG - Nueva solución candidata generada: Costo = 982412.15
2025-05-13 12:35:21,002 - DEBUG - Nueva solución candidata generada: Costo = 984048.43
2025-05-13 12:42:56,045 - DEBUG - Nueva solución candidata generada: Costo = 992258.32
2025-05-13 12:48:40,813 - DEBUG - Nueva solución candidata generada: Costo = 1039726.29
2025-05-13 12:57:24,789 - DEBUG - Nueva solución candidata generada: Costo = 1017772.17
2025-05-13 13:03:10,521 - DEBUG - Nueva solución candidata generada: Costo = 1083810.79
2025-05-13 13:09:02,368 - DEBUG - Nueva solución candidata generada: Costo = 963451.58
2025-05-13 13:16:01,460 - DEBUG - Nueva solución candidata generada: Costo = 917571.64
2025-05-13 13:23:40,884 - DEBUG - Nueva solución candidata generada: Costo = 1029993.99
2025-05-13 13:32:31,458 - DEBUG - Nueva solución candidata generada: Costo = 1017127.09
2025-05-13 13:41:50,856 - DEBUG - Nueva solución candidata generada: Costo = 1032414.95
2025-05-13 13:49:22,876 - DEBUG - Nueva solución candidata generada: Costo = 1007705.18
2025-05-13 13:58:02,764 - DEBUG - Nueva solución candidata generada: Costo = 1042442.72
2025-05-13 14:03:41,709 - DEBUG - Nueva solución candidata generada: Costo = 1136226.65
2025-05-13 14:10:51,236 - DEBUG - Nueva solución candidata generada: Costo = 1027045.27
2025-05-13 14:18:14,251 - DEBUG - Nueva solución candidata generada: Costo = 983935.73
2025-05-13 14:26:02,274 - DEBUG - Nueva solución candidata generada: Costo = 1012343.48
2025-05-13 14:33:44,244 - DEBUG - Nueva solución candidata generada: Costo = 1031212.08
2025-05-13 14:33:48,651 - INFO - Nueva mejor solución encontrada: Costo = 754127.75
2025-05-13 14:33:48,651 - INFO - Iteración 3/5: Mejor costo = 754127.75
2025-05-13 14:33:48,651 - INFO - Iniciando iteración 4/5
2025-05-13 14:42:09,109 - DEBUG - Nueva solución candidata generada: Costo = 781797.25
2025-05-13 14:49:36,229 - DEBUG - Nueva solución candidata generada: Costo = 770335.86
2025-05-13 14:57:29,662 - DEBUG - Nueva solución candidata generada: Costo = 757656.37
2025-05-13 15:05:10,567 - DEBUG - Nueva solución candidata generada: Costo = 786359.30
2025-05-13 15:13:07,668 - DEBUG - Nueva solución candidata generada: Costo = 946044.76
2025-05-13 15:22:00,151 - DEBUG - Nueva solución candidata generada: Costo = 1074691.07
2025-05-13 15:29:43,433 - DEBUG - Nueva solución candidata generada: Costo = 1048499.38
2025-05-13 15:38:19,478 - DEBUG - Nueva solución candidata generada: Costo = 1055979.96
2025-05-13 15:44:07,642 - DEBUG - Nueva solución candidata generada: Costo = 1044148.75
2025-05-13 15:51:50,208 - DEBUG - Nueva solución candidata generada: Costo = 740766.18
2025-05-13 16:00:32,539 - DEBUG - Nueva solución candidata generada: Costo = 778629.27
2025-05-13 16:09:07,516 - DEBUG - Nueva solución candidata generada: Costo = 778897.41
2025-05-13 16:16:06,054 - DEBUG - Nueva solución candidata generada: Costo = 1045568.33
2025-05-13 16:21:39,935 - DEBUG - Nueva solución candidata generada: Costo = 1009990.78
2025-05-13 16:27:24,621 - DEBUG - Nueva solución candidata generada: Costo = 1060292.13
2025-05-13 16:34:04,449 - DEBUG - Nueva solución candidata generada: Costo = 1044060.78
2025-05-13 16:41:25,999 - DEBUG - Nueva solución candidata generada: Costo = 1023226.33
2025-05-13 16:49:47,282 - DEBUG - Nueva solución candidata generada: Costo = 775172.58
2025-05-13 16:57:29,949 - DEBUG - Nueva solución candidata generada: Costo = 782231.89
2025-05-13 17:04:10,416 - DEBUG - Nueva solución candidata generada: Costo = 977334.56
2025-05-13 17:10:13,916 - DEBUG - Nueva solución candidata generada: Costo = 1045629.42
2025-05-13 17:15:55,191 - DEBUG - Nueva solución candidata generada: Costo = 1073231.03
2025-05-13 17:24:20,258 - DEBUG - Nueva solución candidata generada: Costo = 1045219.11
2025-05-13 17:32:48,889 - DEBUG - Nueva solución candidata generada: Costo = 989262.00
2025-05-13 17:40:30,710 - DEBUG - Nueva solución candidata generada: Costo = 807083.42
2025-05-13 17:48:30,269 - DEBUG - Nueva solución candidata generada: Costo = 1065735.60
2025-05-13 17:55:24,323 - DEBUG - Nueva solución candidata generada: Costo = 1027447.41
2025-05-13 18:04:13,002 - DEBUG - Nueva solución candidata generada: Costo = 1026466.58
2025-05-13 18:10:46,672 - DEBUG - Nueva solución candidata generada: Costo = 1122167.82
2025-05-13 18:19:34,099 - DEBUG - Nueva solución candidata generada: Costo = 931877.74
2025-05-13 18:26:38,206 - DEBUG - Nueva solución candidata generada: Costo = 1063004.46
2025-05-13 18:32:29,558 - DEBUG - Nueva solución candidata generada: Costo = 926938.04
2025-05-13 18:40:04,530 - DEBUG - Nueva solución candidata generada: Costo = 1037771.70
2025-05-13 18:48:42,445 - DEBUG - Nueva solución candidata generada: Costo = 1011466.06
2025-05-13 18:56:28,110 - DEBUG - Nueva solución candidata generada: Costo = 1035099.64
2025-05-13 19:04:49,449 - DEBUG - Nueva solución candidata generada: Costo = 1102023.44
2025-05-13 19:13:04,650 - DEBUG - Nueva solución candidata generada: Costo = 1042312.90
2025-05-13 19:21:35,577 - DEBUG - Nueva solución candidata generada: Costo = 1100639.75
2025-05-13 19:28:57,461 - DEBUG - Nueva solución candidata generada: Costo = 1006840.43
2025-05-13 19:36:08,849 - DEBUG - Nueva solución candidata generada: Costo = 1076290.77
2025-05-13 19:43:25,220 - DEBUG - Nueva solución candidata generada: Costo = 1067899.56
2025-05-13 19:51:12,126 - DEBUG - Nueva solución candidata generada: Costo = 1047829.38
2025-05-13 19:59:36,183 - DEBUG - Nueva solución candidata generada: Costo = 1050464.28
2025-05-13 20:08:01,871 - DEBUG - Nueva solución candidata generada: Costo = 1062236.52
2025-05-13 20:14:02,368 - DEBUG - Nueva solución candidata generada: Costo = 1112168.06
2025-05-13 20:14:07,819 - INFO - Nueva mejor solución encontrada: Costo = 740766.18
2025-05-13 20:14:07,819 - INFO - Iteración 4/5: Mejor costo = 740766.18
2025-05-13 20:14:07,819 - INFO - Iniciando iteración 5/5
2025-05-13 20:22:30,753 - DEBUG - Nueva solución candidata generada: Costo = 758248.97
2025-05-13 20:31:32,364 - DEBUG - Nueva solución candidata generada: Costo = 780098.36
2025-05-13 20:40:13,838 - DEBUG - Nueva solución candidata generada: Costo = 746099.01
2025-05-13 20:48:36,075 - DEBUG - Nueva solución candidata generada: Costo = 806115.76
2025-05-13 20:56:36,898 - DEBUG - Nueva solución candidata generada: Costo = 1013161.76
2025-05-13 21:06:12,155 - DEBUG - Nueva solución candidata generada: Costo = 1003381.76
2025-05-13 21:13:47,597 - DEBUG - Nueva solución candidata generada: Costo = 1024600.24
2025-05-13 21:21:54,687 - DEBUG - Nueva solución candidata generada: Costo = 963110.71
2025-05-13 21:28:18,610 - DEBUG - Nueva solución candidata generada: Costo = 1072895.23
2025-05-13 21:37:07,426 - DEBUG - Nueva solución candidata generada: Costo = 761314.75
2025-05-13 21:45:08,250 - DEBUG - Nueva solución candidata generada: Costo = 769870.27
2025-05-13 21:53:12,165 - DEBUG - Nueva solución candidata generada: Costo = 763063.30
2025-05-13 22:00:00,138 - DEBUG - Nueva solución candidata generada: Costo = 940816.96
2025-05-13 22:07:41,599 - DEBUG - Nueva solución candidata generada: Costo = 1017796.91
2025-05-13 22:16:18,740 - DEBUG - Nueva solución candidata generada: Costo = 1031210.94
2025-05-13 22:22:11,284 - DEBUG - Nueva solución candidata generada: Costo = 881773.31
2025-05-13 22:30:57,097 - DEBUG - Nueva solución candidata generada: Costo = 1087546.19
2025-05-13 22:39:09,786 - DEBUG - Nueva solución candidata generada: Costo = 758895.51
2025-05-13 22:46:43,773 - DEBUG - Nueva solución candidata generada: Costo = 780631.96
2025-05-13 22:54:00,278 - DEBUG - Nueva solución candidata generada: Costo = 973110.02
2025-05-13 23:02:50,939 - DEBUG - Nueva solución candidata generada: Costo = 1028137.31
2025-05-13 23:10:54,093 - DEBUG - Nueva solución candidata generada: Costo = 1068420.55
2025-05-13 23:17:32,061 - DEBUG - Nueva solución candidata generada: Costo = 943513.44
2025-05-13 23:27:00,733 - DEBUG - Nueva solución candidata generada: Costo = 1060324.81
2025-05-13 23:36:18,471 - DEBUG - Nueva solución candidata generada: Costo = 802435.08
2025-05-13 23:47:43,636 - DEBUG - Nueva solución candidata generada: Costo = 1005915.39
2025-05-13 23:57:34,948 - DEBUG - Nueva solución candidata generada: Costo = 942867.41
2025-05-14 00:08:22,549 - DEBUG - Nueva solución candidata generada: Costo = 1057916.66
2025-05-14 00:17:31,062 - DEBUG - Nueva solución candidata generada: Costo = 982145.02
2025-05-14 00:26:32,250 - DEBUG - Nueva solución candidata generada: Costo = 1078719.09
2025-05-14 00:33:17,703 - DEBUG - Nueva solución candidata generada: Costo = 1022626.15
2025-05-14 00:40:48,288 - DEBUG - Nueva solución candidata generada: Costo = 1043181.18
2025-05-14 00:51:05,789 - DEBUG - Nueva solución candidata generada: Costo = 1083106.18
2025-05-14 01:00:35,360 - DEBUG - Nueva solución candidata generada: Costo = 994436.18
2025-05-14 01:08:24,320 - DEBUG - Nueva solución candidata generada: Costo = 1018323.09
2025-05-14 01:17:08,509 - DEBUG - Nueva solución candidata generada: Costo = 1082708.45
2025-05-14 01:28:03,902 - DEBUG - Nueva solución candidata generada: Costo = 1098483.78
2025-05-14 01:37:22,991 - DEBUG - Nueva solución candidata generada: Costo = 1065277.89
2025-05-14 01:46:59,874 - DEBUG - Nueva solución candidata generada: Costo = 1067619.56
2025-05-14 01:55:50,823 - DEBUG - Nueva solución candidata generada: Costo = 1087292.70
2025-05-14 02:01:56,138 - DEBUG - Nueva solución candidata generada: Costo = 1164918.59
2025-05-14 02:12:03,874 - DEBUG - Nueva solución candidata generada: Costo = 1156664.79
2025-05-14 02:18:44,385 - DEBUG - Nueva solución candidata generada: Costo = 1118913.18
2025-05-14 02:28:25,768 - DEBUG - Nueva solución candidata generada: Costo = 1116918.73
2025-05-14 02:38:19,068 - DEBUG - Nueva solución candidata generada: Costo = 1054973.44
2025-05-14 02:38:25,595 - INFO - Iteración 5/5: Mejor costo = 740766.18
2025-05-14 02:38:26,049 - INFO - Iniciando Scatter Search con N=100, m1=5, m2=5, max_iter=5
2025-05-14 02:38:26,065 - INFO - Datos cargados desde .\results\cluster_results\representative_files\test_system_9.json
2025-05-14 02:38:26,065 - INFO - Generando población inicial...
2025-05-14 02:38:26,065 - DEBUG - Población 1/100: Usando heurística constructiva
2025-05-14 02:58:12,688 - INFO - Población inicial 1/100: Costo = 1206013.94
2025-05-14 02:58:12,688 - DEBUG - Población 2/100: Usando heurística por precio
